mode: set
playground.io/another-pet-store/service/profile_service.go:21.79,23.2 1 1
playground.io/another-pet-store/service/profile_service.go:25.70,27.16 2 0
playground.io/another-pet-store/service/profile_service.go:30.2,30.12 1 0
playground.io/another-pet-store/service/profile_service.go:27.16,29.3 1 0
playground.io/another-pet-store/service/profile_service.go:33.83,35.16 2 0
playground.io/another-pet-store/service/profile_service.go:38.2,38.148 1 0
playground.io/another-pet-store/service/profile_service.go:35.16,37.3 1 0
playground.io/another-pet-store/service/profile_service.go:41.95,43.20 2 1
playground.io/another-pet-store/service/profile_service.go:46.2,46.24 1 1
playground.io/another-pet-store/service/profile_service.go:43.20,45.3 1 1
playground.io/another-pet-store/service/profile_service.go:49.86,51.2 1 0
playground.io/another-pet-store/service/reference_service.go:16.87,18.2 1 0
playground.io/another-pet-store/service/reference_service.go:20.92,22.16 2 0
playground.io/another-pet-store/service/reference_service.go:25.2,27.47 2 0
playground.io/another-pet-store/service/reference_service.go:30.2,30.53 1 0
playground.io/another-pet-store/service/reference_service.go:22.16,24.3 1 0
playground.io/another-pet-store/service/reference_service.go:27.47,29.3 1 0
playground.io/another-pet-store/service/special_offers_service.go:18.99,20.2 1 0
playground.io/another-pet-store/service/special_offers_service.go:22.99,24.16 2 0
playground.io/another-pet-store/service/special_offers_service.go:27.2,28.39 2 0
playground.io/another-pet-store/service/special_offers_service.go:33.2,33.48 1 0
playground.io/another-pet-store/service/special_offers_service.go:24.16,26.3 1 0
playground.io/another-pet-store/service/special_offers_service.go:28.39,32.3 3 0
playground.io/another-pet-store/service/user_service.go:21.63,23.2 1 1
playground.io/another-pet-store/service/user_service.go:25.86,27.16 2 1
playground.io/another-pet-store/service/user_service.go:30.2,30.18 1 1
playground.io/another-pet-store/service/user_service.go:27.16,29.3 1 1
playground.io/another-pet-store/service/user_service.go:33.67,35.16 2 0
playground.io/another-pet-store/service/user_service.go:39.2,41.12 3 0
playground.io/another-pet-store/service/user_service.go:35.16,37.3 1 0
playground.io/another-pet-store/service/user_service.go:44.52,47.2 2 0
playground.io/another-pet-store/service/chat_service.go:18.67,20.2 1 0
playground.io/another-pet-store/service/chat_service.go:22.66,25.2 2 0
playground.io/another-pet-store/service/chat_service.go:27.64,30.16 3 0
playground.io/another-pet-store/service/chat_service.go:33.2,34.32 2 0
playground.io/another-pet-store/service/chat_service.go:37.2,37.51 1 0
playground.io/another-pet-store/service/chat_service.go:30.16,32.3 1 0
playground.io/another-pet-store/service/chat_service.go:34.32,36.3 1 0
playground.io/another-pet-store/service/jwt_authentification.go:29.33,34.2 1 0
playground.io/another-pet-store/service/jwt_authentification.go:36.100,52.16 4 0
playground.io/another-pet-store/service/jwt_authentification.go:55.2,55.10 1 0
playground.io/another-pet-store/service/jwt_authentification.go:52.16,53.13 1 0
playground.io/another-pet-store/service/jwt_authentification.go:58.28,60.18 2 0
playground.io/another-pet-store/service/jwt_authentification.go:63.2,63.15 1 0
playground.io/another-pet-store/service/jwt_authentification.go:60.18,62.3 1 0
playground.io/another-pet-store/service/jwt_authentification.go:66.84,67.77 1 0
playground.io/another-pet-store/service/jwt_authentification.go:67.77,68.68 1 0
playground.io/another-pet-store/service/jwt_authentification.go:71.3,71.40 1 0
playground.io/another-pet-store/service/jwt_authentification.go:68.68,70.4 1 0
playground.io/another-pet-store/service/login_service.go:21.114,23.2 1 0
playground.io/another-pet-store/service/login_service.go:25.83,27.16 2 0
playground.io/another-pet-store/service/login_service.go:30.2,31.16 2 0
playground.io/another-pet-store/service/login_service.go:34.2,35.24 2 0
playground.io/another-pet-store/service/login_service.go:38.2,39.19 2 0
playground.io/another-pet-store/service/login_service.go:27.16,29.3 1 0
playground.io/another-pet-store/service/login_service.go:31.16,33.3 1 0
playground.io/another-pet-store/service/login_service.go:35.24,37.3 1 0
playground.io/another-pet-store/service/login_service.go:42.65,44.2 1 0
playground.io/another-pet-store/service/login_service.go:46.52,50.2 3 0
playground.io/another-pet-store/service/ticket_service.go:17.39,19.2 1 1
playground.io/another-pet-store/service/ticket_service.go:21.66,25.2 3 1
playground.io/another-pet-store/service/ticket_service.go:27.70,29.9 2 1
playground.io/another-pet-store/service/ticket_service.go:32.2,32.23 1 1
playground.io/another-pet-store/service/ticket_service.go:29.9,31.3 1 1
playground.io/another-pet-store/service/ticket_service.go:37.37,41.30 4 1
playground.io/another-pet-store/service/ticket_service.go:44.2,44.18 1 1
playground.io/another-pet-store/service/ticket_service.go:41.30,43.3 1 1
playground.io/another-pet-store/service/animal_service.go:24.106,26.2 1 0
playground.io/another-pet-store/service/animal_service.go:28.79,30.16 2 0
playground.io/another-pet-store/service/animal_service.go:33.2,34.16 2 0
playground.io/another-pet-store/service/animal_service.go:37.2,37.174 1 0
playground.io/another-pet-store/service/animal_service.go:30.16,32.3 1 0
playground.io/another-pet-store/service/animal_service.go:34.16,36.3 1 0
playground.io/another-pet-store/service/animal_service.go:40.93,46.16 3 0
playground.io/another-pet-store/service/animal_service.go:50.2,51.33 2 0
playground.io/another-pet-store/service/animal_service.go:54.2,55.27 2 0
playground.io/another-pet-store/service/animal_service.go:60.2,60.72 1 0
playground.io/another-pet-store/service/animal_service.go:46.16,48.3 1 0
playground.io/another-pet-store/service/animal_service.go:51.33,53.3 1 0
playground.io/another-pet-store/service/animal_service.go:55.27,57.3 1 0
playground.io/another-pet-store/service/animal_service.go:57.8,59.3 1 0
playground.io/another-pet-store/service/animal_service.go:63.68,66.16 3 0
playground.io/another-pet-store/service/animal_service.go:69.2,69.12 1 0
playground.io/another-pet-store/service/animal_service.go:66.16,68.3 1 0
playground.io/another-pet-store/service/animal_service.go:72.89,74.16 2 0
playground.io/another-pet-store/service/animal_service.go:77.2,78.12 2 0
playground.io/another-pet-store/service/animal_service.go:74.16,76.3 1 0
playground.io/another-pet-store/service/message_service.go:18.72,20.2 1 0
playground.io/another-pet-store/service/message_service.go:22.83,24.2 1 0
playground.io/another-pet-store/service/message_service.go:25.78,27.16 2 0
playground.io/another-pet-store/service/message_service.go:30.2,31.29 2 0
playground.io/another-pet-store/service/message_service.go:34.2,34.25 1 0
playground.io/another-pet-store/service/message_service.go:27.16,29.3 1 0
playground.io/another-pet-store/service/message_service.go:31.29,33.3 1 0
playground.io/another-pet-store/service/sticker_service.go:16.79,18.2 1 1
playground.io/another-pet-store/service/sticker_service.go:20.68,23.16 3 1
playground.io/another-pet-store/service/sticker_service.go:26.2,27.29 2 1
playground.io/another-pet-store/service/sticker_service.go:35.2,35.35 1 1
playground.io/another-pet-store/service/sticker_service.go:23.16,25.3 1 0
playground.io/another-pet-store/service/sticker_service.go:27.29,29.10 2 1
playground.io/another-pet-store/service/sticker_service.go:32.3,33.29 2 1
playground.io/another-pet-store/service/sticker_service.go:29.10,31.4 1 1
